2020-08-12 14:55:37 -  - exec CUpdateClientPartner::__CollectRequestData
2020-08-12 14:55:37 -  - exec CUpdateClientPartner::GetHTTPPage
2020-08-12 14:55:38 -  - exec CUpdateClientPartner::ParseServerData
2020-08-12 14:55:38 -  - exec CUpdateClientPartner::GetUpdatesList
2020-08-12 14:55:38 -  - exec CUpdateClientPartner::__CollectRequestData
2020-08-12 14:55:38 -  - utf=Y&lang=ru&stable=Y&CANGZIP=Y&SUPD_DBS=MYSQL&XE=N&CLIENT_SITE=976trainee.dev-bitrix.by&LICENSE_KEY=X&SUPD_STS=1&SUPD_URS=0&SUPD_URSA=1&TYPENC=D&CLIENT_PHPVER=7.1.33-16%2B0%7E20200514.38%2Bdebian9%7E1.gbp1e5820&NGINX=Y&dbv=5.7.28&instm=main%2C20.0.650%2CY%3Biblock%2C20.0.350%2CN%3Bvote%2C20.0.100%2CN%3Bhighloadblock%2C20.0.100%2CN%3Bbitrix.sitecorporate%2C15.5.0%2CN%3Brest%2C20.0.150%2CN%3Bbizproc%2C20.0.200%2CN%3Bb24connector%2C18.5.0%2CN%3Bwebservice%2C18.0.0%2CN%3Bclouds%2C20.0.0%2CN%3Bcatalog%2C20.0.0%2CN%3Blists%2C20.0.0%2CN%3Bidea%2C17.5.1%2CN%3Bfileman%2C18.5.700%2CN%3Bcalendar%2C19.0.600%2CN%3Bmail%2C20.0.450%2CN%3Btranslate%2C19.0.100%2CN%3Bui%2C20.0.200%2CN%3Bseo%2C20.0.0%2CN%3Bsupport%2C16.0.0%2CN%3Bsender%2C19.0.700%2CN%3Bmobileapp%2C19.0.200%2CN%3Bstatistic%2C18.5.0%2CN%3Bsecurity%2C19.0.0%2CN%3Bcurrency%2C19.0.100%2CN%3Bworkflow%2C18.5.0%2CN%3Bphotogallery%2C20.0.0%2CN%3Bbitrix.sitecommunity%2C15.5.0%2CN%3Bim%2C19.0.850%2CN%3Bblog%2C20.0.0%2CN%3Bstoreassist%2C18.1.0%2CN%3Bbitrix.eshop%2C18.5.0%2CN%3Bsearch%2C18.5.200%2CN%3Bbitrix.sitepersonal%2C15.5.0%2CN%3Bsale%2C20.0.275%2CN%3Bform%2C18.0.0%2CN%3Babtest%2C18.5.0%2CN%3Bwiki%2C20.0.0%2CN%3Bscale%2C17.5.0%2CN%3Bbizprocdesigner%2C19.0.200%2CN%3Bpull%2C19.0.300%2CN%3Bmessageservice%2C20.0.0%2CN%3Bbitrix.siteinfoportal%2C15.5.0%2CN%3Badvertising%2C20.0.0%2CN%3Bcompression%2C19.0.0%2CN%3Bsocialnetwork%2C20.0.250%2CN%3Bbitrixcloud%2C20.0.0%2CN%3Breport%2C19.0.200%2CN%3Blanding%2C20.2.0%2CN%3Bperfmon%2C20.0.0%2CN%3Bforum%2C20.0.100%2CN%3Bsocialservices%2C19.0.200%2CN%3Blearning%2C17.5.1%2CN%3Bconversion%2C18.5.1%2CN%3Bsubscribe%2C20.0.0%2CN&reqm=bitrix.sitecorporate%2Cbitrix.sitecommunity%2Cbitrix.eshop%2Cbitrix.sitepersonal%2Cbitrix.siteinfoportal&fullmoduleinfo=Y&SUPD_SRS=RU&SUPD_CMP=N
2020-08-12 14:55:38 -  - exec CUpdateClientPartner::GetHTTPPage
2020-08-12 14:55:39 -  - TIME GetUpdatesList(request) 0.797 sec
2020-08-12 14:55:39 -  - exec CUpdateClientPartner::ParseServerData
2020-08-12 14:55:39 -  - exec CUpdateClientPartner::__CollectRequestData
2020-08-12 14:55:39 -  - exec CUpdateClientPartner::GetHTTPPage
2020-08-12 14:55:40 -  - exec CUpdateClientPartner::ParseServerData
2020-08-13 14:56:00 -  - exec CUpdateClientPartner::__CollectRequestData
2020-08-13 14:56:00 -  - exec CUpdateClientPartner::GetHTTPPage
2020-08-13 14:56:00 -  - exec CUpdateClientPartner::ParseServerData
2020-08-13 14:56:00 -  - exec CUpdateClientPartner::GetUpdatesList
2020-08-13 14:56:00 -  - exec CUpdateClientPartner::__CollectRequestData
2020-08-13 14:56:00 -  - utf=Y&lang=ru&stable=Y&CANGZIP=Y&SUPD_DBS=MYSQL&XE=N&CLIENT_SITE=976trainee.dev-bitrix.by&LICENSE_KEY=X&SUPD_STS=1&SUPD_URS=0&SUPD_URSA=1&TYPENC=D&CLIENT_PHPVER=7.1.33-16%2B0%7E20200514.38%2Bdebian9%7E1.gbp1e5820&NGINX=Y&dbv=5.7.28&instm=main%2C20.0.650%2CY%3Biblock%2C20.0.350%2CN%3Bvote%2C20.0.100%2CN%3Bhighloadblock%2C20.0.100%2CN%3Bbitrix.sitecorporate%2C15.5.0%2CN%3Brest%2C20.0.150%2CN%3Bbizproc%2C20.0.200%2CN%3Bb24connector%2C18.5.0%2CN%3Bwebservice%2C18.0.0%2CN%3Bclouds%2C20.0.0%2CN%3Bcatalog%2C20.0.0%2CN%3Blists%2C20.0.0%2CN%3Bidea%2C17.5.1%2CN%3Bfileman%2C18.5.700%2CN%3Bcalendar%2C19.0.600%2CN%3Bmail%2C20.0.450%2CN%3Btranslate%2C19.0.100%2CN%3Bui%2C20.0.200%2CN%3Bseo%2C20.0.0%2CN%3Bsupport%2C16.0.0%2CN%3Bsender%2C19.0.700%2CN%3Bmobileapp%2C19.0.200%2CN%3Bstatistic%2C18.5.0%2CN%3Bsecurity%2C19.0.0%2CN%3Bcurrency%2C19.0.100%2CN%3Bworkflow%2C18.5.0%2CN%3Bphotogallery%2C20.0.0%2CN%3Bbitrix.sitecommunity%2C15.5.0%2CN%3Bim%2C19.0.850%2CN%3Bblog%2C20.0.0%2CN%3Bstoreassist%2C18.1.0%2CN%3Bbitrix.eshop%2C18.5.0%2CN%3Bsearch%2C18.5.200%2CN%3Bbitrix.sitepersonal%2C15.5.0%2CN%3Bsale%2C20.0.275%2CN%3Bform%2C18.0.0%2CN%3Babtest%2C18.5.0%2CN%3Bwiki%2C20.0.0%2CN%3Bscale%2C17.5.0%2CN%3Bbizprocdesigner%2C19.0.200%2CN%3Bpull%2C19.0.300%2CN%3Bmessageservice%2C20.0.0%2CN%3Bbitrix.siteinfoportal%2C15.5.0%2CN%3Badvertising%2C20.0.0%2CN%3Bcompression%2C19.0.0%2CN%3Bsocialnetwork%2C20.0.250%2CN%3Bbitrixcloud%2C20.0.0%2CN%3Breport%2C19.0.200%2CN%3Blanding%2C20.2.0%2CN%3Bperfmon%2C20.0.0%2CN%3Bforum%2C20.0.100%2CN%3Bsocialservices%2C19.0.200%2CN%3Blearning%2C17.5.1%2CN%3Bconversion%2C18.5.1%2CN%3Bsubscribe%2C20.0.0%2CN&reqm=bitrix.sitecorporate%2Cbitrix.sitecommunity%2Cbitrix.eshop%2Cbitrix.sitepersonal%2Cbitrix.siteinfoportal&fullmoduleinfo=Y&SUPD_SRS=RU&SUPD_CMP=N
2020-08-13 14:56:00 -  - exec CUpdateClientPartner::GetHTTPPage
2020-08-13 14:56:00 -  - TIME GetUpdatesList(request) 0.242 sec
2020-08-13 14:56:00 -  - exec CUpdateClientPartner::ParseServerData
2020-08-13 14:56:00 -  - exec CUpdateClientPartner::__CollectRequestData
2020-08-13 14:56:00 -  - exec CUpdateClientPartner::GetHTTPPage
2020-08-13 14:56:01 -  - exec CUpdateClientPartner::ParseServerData
2020-08-14 15:33:15 -  - exec CUpdateClientPartner::__CollectRequestData
2020-08-14 15:33:15 -  - exec CUpdateClientPartner::GetHTTPPage
2020-08-14 15:33:16 -  - exec CUpdateClientPartner::ParseServerData
2020-08-14 15:33:16 -  - exec CUpdateClientPartner::GetUpdatesList
2020-08-14 15:33:16 -  - exec CUpdateClientPartner::__CollectRequestData
2020-08-14 15:33:16 -  - utf=Y&lang=ru&stable=Y&CANGZIP=Y&SUPD_DBS=MYSQL&XE=N&CLIENT_SITE=976trainee.dev-bitrix.by&LICENSE_KEY=X&SUPD_STS=1&SUPD_URS=0&SUPD_URSA=1&TYPENC=D&CLIENT_PHPVER=7.1.33-16%2B0%7E20200514.38%2Bdebian9%7E1.gbp1e5820&NGINX=Y&dbv=5.7.28&instm=main%2C20.0.650%2CY%3Biblock%2C20.0.350%2CN%3Bvote%2C20.0.100%2CN%3Bhighloadblock%2C20.0.100%2CN%3Bbitrix.sitecorporate%2C15.5.0%2CN%3Brest%2C20.0.150%2CN%3Bbizproc%2C20.0.200%2CN%3Bb24connector%2C18.5.0%2CN%3Bwebservice%2C18.0.0%2CN%3Bclouds%2C20.0.0%2CN%3Bcatalog%2C20.0.0%2CN%3Blists%2C20.0.0%2CN%3Bidea%2C17.5.1%2CN%3Bfileman%2C18.5.700%2CN%3Bcalendar%2C19.0.600%2CN%3Bmail%2C20.0.450%2CN%3Btranslate%2C19.0.100%2CN%3Bui%2C20.0.200%2CN%3Bseo%2C20.0.0%2CN%3Bsupport%2C16.0.0%2CN%3Bsender%2C19.0.700%2CN%3Bmobileapp%2C19.0.200%2CN%3Bstatistic%2C18.5.0%2CN%3Bsecurity%2C19.0.0%2CN%3Bcurrency%2C19.0.100%2CN%3Bworkflow%2C18.5.0%2CN%3Bphotogallery%2C20.0.0%2CN%3Bbitrix.sitecommunity%2C15.5.0%2CN%3Bim%2C19.0.850%2CN%3Bblog%2C20.0.0%2CN%3Bstoreassist%2C18.1.0%2CN%3Bbitrix.eshop%2C18.5.0%2CN%3Bsearch%2C18.5.200%2CN%3Bbitrix.sitepersonal%2C15.5.0%2CN%3Bsale%2C20.0.275%2CN%3Bform%2C18.0.0%2CN%3Babtest%2C18.5.0%2CN%3Bwiki%2C20.0.0%2CN%3Bscale%2C17.5.0%2CN%3Bbizprocdesigner%2C19.0.200%2CN%3Bpull%2C19.0.300%2CN%3Bmessageservice%2C20.0.0%2CN%3Bbitrix.siteinfoportal%2C15.5.0%2CN%3Badvertising%2C20.0.0%2CN%3Bcompression%2C19.0.0%2CN%3Bsocialnetwork%2C20.0.250%2CN%3Bbitrixcloud%2C20.0.0%2CN%3Breport%2C19.0.200%2CN%3Blanding%2C20.2.0%2CN%3Bperfmon%2C20.0.0%2CN%3Bforum%2C20.0.100%2CN%3Bsocialservices%2C19.0.200%2CN%3Blearning%2C17.5.1%2CN%3Bconversion%2C18.5.1%2CN%3Bsubscribe%2C20.0.0%2CN&reqm=bitrix.sitecorporate%2Cbitrix.sitecommunity%2Cbitrix.eshop%2Cbitrix.sitepersonal%2Cbitrix.siteinfoportal&fullmoduleinfo=Y&SUPD_SRS=RU&SUPD_CMP=N
2020-08-14 15:33:16 -  - exec CUpdateClientPartner::GetHTTPPage
2020-08-14 15:33:16 -  - TIME GetUpdatesList(request) 0.369 sec
2020-08-14 15:33:16 -  - exec CUpdateClientPartner::ParseServerData
2020-08-14 15:33:16 -  - exec CUpdateClientPartner::__CollectRequestData
2020-08-14 15:33:16 -  - exec CUpdateClientPartner::GetHTTPPage
2020-08-14 15:33:16 -  - exec CUpdateClientPartner::ParseServerData
2020-08-17 09:08:30 -  - exec CUpdateClientPartner::__CollectRequestData
2020-08-17 09:08:30 -  - exec CUpdateClientPartner::GetHTTPPage
2020-08-17 09:08:30 -  - exec CUpdateClientPartner::ParseServerData
2020-08-17 09:08:30 -  - exec CUpdateClientPartner::GetUpdatesList
2020-08-17 09:08:30 -  - exec CUpdateClientPartner::__CollectRequestData
2020-08-17 09:08:30 -  - utf=Y&lang=ru&stable=Y&CANGZIP=Y&SUPD_DBS=MYSQL&XE=N&CLIENT_SITE=976trainee.dev-bitrix.by&LICENSE_KEY=X&SUPD_STS=1&SUPD_URS=0&SUPD_URSA=1&TYPENC=D&CLIENT_PHPVER=7.1.33-16%2B0%7E20200514.38%2Bdebian9%7E1.gbp1e5820&NGINX=Y&dbv=5.7.28&instm=main%2C20.0.650%2CY%3Biblock%2C20.0.350%2CN%3Bvote%2C20.0.100%2CN%3Bhighloadblock%2C20.0.100%2CN%3Bbitrix.sitecorporate%2C15.5.0%2CN%3Brest%2C20.0.150%2CN%3Bbizproc%2C20.0.200%2CN%3Bb24connector%2C18.5.0%2CN%3Bwebservice%2C18.0.0%2CN%3Bclouds%2C20.0.0%2CN%3Bcatalog%2C20.0.0%2CN%3Blists%2C20.0.0%2CN%3Bidea%2C17.5.1%2CN%3Bfileman%2C18.5.700%2CN%3Bcalendar%2C19.0.600%2CN%3Bmail%2C20.0.450%2CN%3Btranslate%2C19.0.100%2CN%3Bui%2C20.0.200%2CN%3Bseo%2C20.0.0%2CN%3Bsupport%2C16.0.0%2CN%3Bsender%2C19.0.700%2CN%3Bmobileapp%2C19.0.200%2CN%3Bstatistic%2C18.5.0%2CN%3Bsecurity%2C19.0.0%2CN%3Bcurrency%2C19.0.100%2CN%3Bworkflow%2C18.5.0%2CN%3Bphotogallery%2C20.0.0%2CN%3Bbitrix.sitecommunity%2C15.5.0%2CN%3Bim%2C19.0.850%2CN%3Bblog%2C20.0.0%2CN%3Bstoreassist%2C18.1.0%2CN%3Bbitrix.eshop%2C18.5.0%2CN%3Bsearch%2C18.5.200%2CN%3Bbitrix.sitepersonal%2C15.5.0%2CN%3Bsale%2C20.0.275%2CN%3Bform%2C18.0.0%2CN%3Babtest%2C18.5.0%2CN%3Bwiki%2C20.0.0%2CN%3Bscale%2C17.5.0%2CN%3Bbizprocdesigner%2C19.0.200%2CN%3Bpull%2C19.0.300%2CN%3Bmessageservice%2C20.0.0%2CN%3Bbitrix.siteinfoportal%2C15.5.0%2CN%3Badvertising%2C20.0.0%2CN%3Bcompression%2C19.0.0%2CN%3Bsocialnetwork%2C20.0.250%2CN%3Bbitrixcloud%2C20.0.0%2CN%3Breport%2C19.0.200%2CN%3Blanding%2C20.2.0%2CN%3Bperfmon%2C20.0.0%2CN%3Bforum%2C20.0.100%2CN%3Bsocialservices%2C19.0.200%2CN%3Blearning%2C17.5.1%2CN%3Bconversion%2C18.5.1%2CN%3Bsubscribe%2C20.0.0%2CN&reqm=bitrix.sitecorporate%2Cbitrix.sitecommunity%2Cbitrix.eshop%2Cbitrix.sitepersonal%2Cbitrix.siteinfoportal&fullmoduleinfo=Y&SUPD_SRS=RU&SUPD_CMP=N
2020-08-17 09:08:30 -  - exec CUpdateClientPartner::GetHTTPPage
2020-08-17 09:08:31 -  - TIME GetUpdatesList(request) 0.328 sec
2020-08-17 09:08:31 -  - exec CUpdateClientPartner::ParseServerData
2020-08-17 09:08:31 -  - exec CUpdateClientPartner::__CollectRequestData
2020-08-17 09:08:31 -  - exec CUpdateClientPartner::GetHTTPPage
2020-08-17 09:08:31 -  - exec CUpdateClientPartner::ParseServerData
2020-09-03 09:54:26 -  - exec CUpdateClientPartner::__CollectRequestData
2020-09-03 09:54:26 -  - exec CUpdateClientPartner::GetHTTPPage
2020-09-03 09:54:27 -  - exec CUpdateClientPartner::ParseServerData
2020-09-03 09:54:27 -  - exec CUpdateClientPartner::GetUpdatesList
2020-09-03 09:54:27 -  - exec CUpdateClientPartner::__CollectRequestData
2020-09-03 09:54:27 -  - utf=Y&lang=ru&stable=Y&CANGZIP=Y&SUPD_DBS=MYSQL&XE=N&CLIENT_SITE=976trainee.dev-bitrix.by&LICENSE_KEY=X&SUPD_STS=1&SUPD_URS=0&SUPD_URSA=1&TYPENC=D&CLIENT_PHPVER=7.1.33-16%2B0%7E20200514.38%2Bdebian9%7E1.gbp1e5820&NGINX=Y&dbv=5.7.28&instm=main%2C20.0.650%2CY%3Biblock%2C20.0.350%2CN%3Bvote%2C20.0.100%2CN%3Bhighloadblock%2C20.0.100%2CN%3Bbitrix.sitecorporate%2C15.5.0%2CN%3Brest%2C20.0.150%2CN%3Bbizproc%2C20.0.200%2CN%3Bb24connector%2C18.5.0%2CN%3Bwebservice%2C18.0.0%2CN%3Bclouds%2C20.0.0%2CN%3Bcatalog%2C20.0.0%2CN%3Blists%2C20.0.0%2CN%3Bidea%2C17.5.1%2CN%3Bfileman%2C18.5.700%2CN%3Bcalendar%2C19.0.600%2CN%3Bmail%2C20.0.450%2CN%3Btranslate%2C19.0.100%2CN%3Bui%2C20.0.200%2CN%3Bseo%2C20.0.0%2CN%3Bsupport%2C16.0.0%2CN%3Bsender%2C19.0.700%2CN%3Bmobileapp%2C19.0.200%2CN%3Bstatistic%2C18.5.0%2CN%3Bsecurity%2C19.0.0%2CN%3Bcurrency%2C19.0.100%2CN%3Bworkflow%2C18.5.0%2CN%3Bphotogallery%2C20.0.0%2CN%3Bbitrix.sitecommunity%2C15.5.0%2CN%3Bim%2C19.0.850%2CN%3Bblog%2C20.0.0%2CN%3Bstoreassist%2C18.1.0%2CN%3Bbitrix.eshop%2C18.5.0%2CN%3Bsearch%2C18.5.200%2CN%3Bbitrix.sitepersonal%2C15.5.0%2CN%3Bsale%2C20.0.275%2CN%3Bform%2C18.0.0%2CN%3Babtest%2C18.5.0%2CN%3Bwiki%2C20.0.0%2CN%3Bscale%2C17.5.0%2CN%3Bbizprocdesigner%2C19.0.200%2CN%3Bpull%2C19.0.300%2CN%3Bmessageservice%2C20.0.0%2CN%3Bbitrix.siteinfoportal%2C15.5.0%2CN%3Badvertising%2C20.0.0%2CN%3Bcompression%2C19.0.0%2CN%3Bsocialnetwork%2C20.0.250%2CN%3Bbitrixcloud%2C20.0.0%2CN%3Breport%2C19.0.200%2CN%3Blanding%2C20.2.0%2CN%3Bperfmon%2C20.0.0%2CN%3Bforum%2C20.0.100%2CN%3Bsocialservices%2C19.0.200%2CN%3Blearning%2C17.5.1%2CN%3Bconversion%2C18.5.1%2CN%3Bsubscribe%2C20.0.0%2CN&reqm=bitrix.sitecorporate%2Cbitrix.sitecommunity%2Cbitrix.eshop%2Cbitrix.sitepersonal%2Cbitrix.siteinfoportal&fullmoduleinfo=Y&SUPD_SRS=RU&SUPD_CMP=N
2020-09-03 09:54:27 -  - exec CUpdateClientPartner::GetHTTPPage
2020-09-03 09:54:27 -  - TIME GetUpdatesList(request) 0.352 sec
2020-09-03 09:54:27 -  - exec CUpdateClientPartner::ParseServerData
2020-09-03 09:54:27 -  - exec CUpdateClientPartner::__CollectRequestData
2020-09-03 09:54:27 -  - exec CUpdateClientPartner::GetHTTPPage
2020-09-03 09:54:27 -  - exec CUpdateClientPartner::ParseServerData
2020-09-11 14:09:27 -  - exec CUpdateClientPartner::__CollectRequestData
2020-09-11 14:09:27 -  - exec CUpdateClientPartner::GetHTTPPage
2020-09-11 14:09:27 -  - exec CUpdateClientPartner::ParseServerData
2020-09-11 14:09:27 -  - exec CUpdateClientPartner::GetUpdatesList
2020-09-11 14:09:27 -  - exec CUpdateClientPartner::__CollectRequestData
2020-09-11 14:09:27 -  - utf=Y&lang=ru&stable=Y&CANGZIP=Y&SUPD_DBS=MYSQL&XE=N&CLIENT_SITE=976trainee.dev-bitrix.by&LICENSE_KEY=X&SUPD_STS=1&SUPD_URS=0&SUPD_URSA=2&TYPENC=D&CLIENT_PHPVER=7.1.33-16%2B0%7E20200514.38%2Bdebian9%7E1.gbp1e5820&NGINX=Y&dbv=5.7.28&instm=main%2C20.0.650%2CY%3Biblock%2C20.0.350%2CN%3Bvote%2C20.0.100%2CN%3Bhighloadblock%2C20.0.100%2CN%3Bbitrix.sitecorporate%2C15.5.0%2CN%3Brest%2C20.0.150%2CN%3Bbizproc%2C20.0.200%2CN%3Bb24connector%2C18.5.0%2CN%3Bwebservice%2C18.0.0%2CN%3Bclouds%2C20.0.0%2CN%3Bcatalog%2C20.0.0%2CN%3Blists%2C20.0.0%2CN%3Bidea%2C17.5.1%2CN%3Bfileman%2C18.5.700%2CN%3Bcalendar%2C19.0.600%2CN%3Bmail%2C20.0.450%2CN%3Btranslate%2C19.0.100%2CN%3Bui%2C20.0.200%2CN%3Bseo%2C20.0.0%2CN%3Bsupport%2C16.0.0%2CN%3Bsender%2C19.0.700%2CN%3Bmobileapp%2C19.0.200%2CN%3Bstatistic%2C18.5.0%2CN%3Bsecurity%2C19.0.0%2CN%3Bcurrency%2C19.0.100%2CN%3Bworkflow%2C18.5.0%2CN%3Bphotogallery%2C20.0.0%2CN%3Bbitrix.sitecommunity%2C15.5.0%2CN%3Bim%2C19.0.850%2CN%3Bblog%2C20.0.0%2CN%3Bstoreassist%2C18.1.0%2CN%3Bbitrix.eshop%2C18.5.0%2CN%3Bsearch%2C18.5.200%2CN%3Bbitrix.sitepersonal%2C15.5.0%2CN%3Bsale%2C20.0.275%2CN%3Bform%2C18.0.0%2CN%3Babtest%2C18.5.0%2CN%3Bwiki%2C20.0.0%2CN%3Bscale%2C17.5.0%2CN%3Bbizprocdesigner%2C19.0.200%2CN%3Bpull%2C19.0.300%2CN%3Bmessageservice%2C20.0.0%2CN%3Bbitrix.siteinfoportal%2C15.5.0%2CN%3Badvertising%2C20.0.0%2CN%3Bcompression%2C19.0.0%2CN%3Bsocialnetwork%2C20.0.250%2CN%3Bbitrixcloud%2C20.0.0%2CN%3Breport%2C19.0.200%2CN%3Blanding%2C20.2.0%2CN%3Bperfmon%2C20.0.0%2CN%3Bforum%2C20.0.100%2CN%3Bsocialservices%2C19.0.200%2CN%3Blearning%2C17.5.1%2CN%3Bconversion%2C18.5.1%2CN%3Bsubscribe%2C20.0.0%2CN&reqm=bitrix.sitecorporate%2Cbitrix.sitecommunity%2Cbitrix.eshop%2Cbitrix.sitepersonal%2Cbitrix.siteinfoportal&fullmoduleinfo=Y&SUPD_SRS=RU&SUPD_CMP=N
2020-09-11 14:09:27 -  - exec CUpdateClientPartner::GetHTTPPage
2020-09-11 14:09:27 -  - TIME GetUpdatesList(request) 0.482 sec
2020-09-11 14:09:27 -  - exec CUpdateClientPartner::ParseServerData
2020-09-11 14:09:27 -  - exec CUpdateClientPartner::__CollectRequestData
2020-09-11 14:09:27 -  - exec CUpdateClientPartner::GetHTTPPage
2020-09-11 14:09:28 -  - exec CUpdateClientPartner::ParseServerData
2020-09-16 12:21:38 -  - exec CUpdateClientPartner::__CollectRequestData
2020-09-16 12:21:38 -  - exec CUpdateClientPartner::GetHTTPPage
2020-09-16 12:21:39 -  - exec CUpdateClientPartner::ParseServerData
2020-09-16 12:21:39 -  - exec CUpdateClientPartner::GetUpdatesList
2020-09-16 12:21:39 -  - exec CUpdateClientPartner::__CollectRequestData
2020-09-16 12:21:39 -  - utf=Y&lang=ru&stable=Y&CANGZIP=Y&SUPD_DBS=MYSQL&XE=N&CLIENT_SITE=976trainee.dev-bitrix.by&LICENSE_KEY=X&SUPD_STS=1&SUPD_URS=0&SUPD_URSA=2&TYPENC=D&CLIENT_PHPVER=7.1.33-16%2B0%7E20200514.38%2Bdebian9%7E1.gbp1e5820&NGINX=Y&dbv=5.7.28&instm=main%2C20.0.650%2CY%3Biblock%2C20.0.350%2CN%3Bvote%2C20.0.100%2CN%3Bhighloadblock%2C20.0.100%2CN%3Bbitrix.sitecorporate%2C15.5.0%2CN%3Brest%2C20.0.150%2CN%3Bbizproc%2C20.0.200%2CN%3Bb24connector%2C18.5.0%2CN%3Bwebservice%2C18.0.0%2CN%3Bclouds%2C20.0.0%2CN%3Bcatalog%2C20.0.0%2CN%3Blists%2C20.0.0%2CN%3Bidea%2C17.5.1%2CN%3Bfileman%2C18.5.700%2CN%3Bcalendar%2C19.0.600%2CN%3Bmail%2C20.0.450%2CN%3Btranslate%2C19.0.100%2CN%3Bui%2C20.0.200%2CN%3Bseo%2C20.0.0%2CN%3Bsupport%2C16.0.0%2CN%3Bsender%2C19.0.700%2CN%3Bmobileapp%2C19.0.200%2CN%3Bstatistic%2C18.5.0%2CN%3Bsecurity%2C19.0.0%2CN%3Bcurrency%2C19.0.100%2CN%3Bworkflow%2C18.5.0%2CN%3Bphotogallery%2C20.0.0%2CN%3Bbitrix.sitecommunity%2C15.5.0%2CN%3Bim%2C19.0.850%2CN%3Bblog%2C20.0.0%2CN%3Bstoreassist%2C18.1.0%2CN%3Bbitrix.eshop%2C18.5.0%2CN%3Bsearch%2C18.5.200%2CN%3Bbitrix.sitepersonal%2C15.5.0%2CN%3Bsale%2C20.0.275%2CN%3Bform%2C18.0.0%2CN%3Babtest%2C18.5.0%2CN%3Bwiki%2C20.0.0%2CN%3Bscale%2C17.5.0%2CN%3Bbizprocdesigner%2C19.0.200%2CN%3Bpull%2C19.0.300%2CN%3Bmessageservice%2C20.0.0%2CN%3Bbitrix.siteinfoportal%2C15.5.0%2CN%3Badvertising%2C20.0.0%2CN%3Bcompression%2C19.0.0%2CN%3Bsocialnetwork%2C20.0.250%2CN%3Bbitrixcloud%2C20.0.0%2CN%3Breport%2C19.0.200%2CN%3Blanding%2C20.2.0%2CN%3Bperfmon%2C20.0.0%2CN%3Bforum%2C20.0.100%2CN%3Bsocialservices%2C19.0.200%2CN%3Blearning%2C17.5.1%2CN%3Bconversion%2C18.5.1%2CN%3Bsubscribe%2C20.0.0%2CN&reqm=bitrix.sitecorporate%2Cbitrix.sitecommunity%2Cbitrix.eshop%2Cbitrix.sitepersonal%2Cbitrix.siteinfoportal&fullmoduleinfo=Y&SUPD_SRS=RU&SUPD_CMP=N
2020-09-16 12:21:39 -  - exec CUpdateClientPartner::GetHTTPPage
2020-09-16 12:21:39 -  - TIME GetUpdatesList(request) 0.236 sec
2020-09-16 12:21:39 -  - exec CUpdateClientPartner::ParseServerData
2020-09-16 12:21:39 -  - exec CUpdateClientPartner::__CollectRequestData
2020-09-16 12:21:39 -  - exec CUpdateClientPartner::GetHTTPPage
2020-09-16 12:21:39 -  - exec CUpdateClientPartner::ParseServerData
2020-09-18 09:08:33 -  - exec CUpdateClientPartner::__CollectRequestData
2020-09-18 09:08:33 -  - exec CUpdateClientPartner::GetHTTPPage
2020-09-18 09:08:34 -  - exec CUpdateClientPartner::ParseServerData
2020-09-18 09:08:34 -  - exec CUpdateClientPartner::GetUpdatesList
2020-09-18 09:08:34 -  - exec CUpdateClientPartner::__CollectRequestData
2020-09-18 09:08:34 -  - utf=Y&lang=ru&stable=Y&CANGZIP=Y&SUPD_DBS=MYSQL&XE=N&CLIENT_SITE=976trainee.dev-bitrix.by&LICENSE_KEY=X&SUPD_STS=1&SUPD_URS=0&SUPD_URSA=2&TYPENC=D&CLIENT_PHPVER=7.1.33-17%2B0%7E20200807.39%2Bdebian9%7E1.gbp032d47&NGINX=Y&dbv=5.7.28&instm=main%2C20.0.650%2CY%3Biblock%2C20.0.350%2CN%3Bvote%2C20.0.100%2CN%3Bhighloadblock%2C20.0.100%2CN%3Bbitrix.sitecorporate%2C15.5.0%2CN%3Brest%2C20.0.150%2CN%3Bbizproc%2C20.0.200%2CN%3Bb24connector%2C18.5.0%2CN%3Bwebservice%2C18.0.0%2CN%3Bclouds%2C20.0.0%2CN%3Bcatalog%2C20.0.0%2CN%3Blists%2C20.0.0%2CN%3Bidea%2C17.5.1%2CN%3Bfileman%2C18.5.700%2CN%3Bcalendar%2C19.0.600%2CN%3Bmail%2C20.0.450%2CN%3Btranslate%2C19.0.100%2CN%3Bui%2C20.0.200%2CN%3Bseo%2C20.0.0%2CN%3Bsupport%2C16.0.0%2CN%3Bsender%2C19.0.700%2CN%3Bmobileapp%2C19.0.200%2CN%3Bstatistic%2C18.5.0%2CN%3Bsecurity%2C19.0.0%2CN%3Bcurrency%2C19.0.100%2CN%3Bworkflow%2C18.5.0%2CN%3Bphotogallery%2C20.0.0%2CN%3Bbitrix.sitecommunity%2C15.5.0%2CN%3Bim%2C19.0.850%2CN%3Bblog%2C20.0.0%2CN%3Bstoreassist%2C18.1.0%2CN%3Bbitrix.eshop%2C18.5.0%2CN%3Bsearch%2C18.5.200%2CN%3Bbitrix.sitepersonal%2C15.5.0%2CN%3Bsale%2C20.0.275%2CN%3Bform%2C18.0.0%2CN%3Babtest%2C18.5.0%2CN%3Bwiki%2C20.0.0%2CN%3Bscale%2C17.5.0%2CN%3Bbizprocdesigner%2C19.0.200%2CN%3Bpull%2C19.0.300%2CN%3Bmessageservice%2C20.0.0%2CN%3Bbitrix.siteinfoportal%2C15.5.0%2CN%3Badvertising%2C20.0.0%2CN%3Bcompression%2C19.0.0%2CN%3Bsocialnetwork%2C20.0.250%2CN%3Bbitrixcloud%2C20.0.0%2CN%3Breport%2C19.0.200%2CN%3Blanding%2C20.2.0%2CN%3Bperfmon%2C20.0.0%2CN%3Bforum%2C20.0.100%2CN%3Bsocialservices%2C19.0.200%2CN%3Blearning%2C17.5.1%2CN%3Bconversion%2C18.5.1%2CN%3Bsubscribe%2C20.0.0%2CN&reqm=bitrix.sitecorporate%2Cbitrix.sitecommunity%2Cbitrix.eshop%2Cbitrix.sitepersonal%2Cbitrix.siteinfoportal&fullmoduleinfo=Y&SUPD_SRS=RU&SUPD_CMP=N
2020-09-18 09:08:34 -  - exec CUpdateClientPartner::GetHTTPPage
2020-09-18 09:08:34 -  - TIME GetUpdatesList(request) 0.175 sec
2020-09-18 09:08:34 -  - exec CUpdateClientPartner::ParseServerData
2020-09-18 09:08:34 -  - exec CUpdateClientPartner::__CollectRequestData
2020-09-18 09:08:34 -  - exec CUpdateClientPartner::GetHTTPPage
2020-09-18 09:08:34 -  - exec CUpdateClientPartner::ParseServerData
2020-09-21 11:25:06 -  - exec CUpdateClientPartner::__CollectRequestData
2020-09-21 11:25:06 -  - exec CUpdateClientPartner::GetHTTPPage
2020-09-21 11:25:06 -  - exec CUpdateClientPartner::ParseServerData
2020-09-21 11:25:06 -  - exec CUpdateClientPartner::GetUpdatesList
2020-09-21 11:25:06 -  - exec CUpdateClientPartner::__CollectRequestData
2020-09-21 11:25:07 -  - utf=Y&lang=ru&stable=Y&CANGZIP=Y&SUPD_DBS=MYSQL&XE=N&CLIENT_SITE=976trainee.dev-bitrix.by&LICENSE_KEY=X&SUPD_STS=1&SUPD_URS=0&SUPD_URSA=2&TYPENC=D&CLIENT_PHPVER=7.1.33-17%2B0%7E20200807.39%2Bdebian9%7E1.gbp032d47&NGINX=Y&dbv=5.7.28&instm=main%2C20.0.650%2CY%3Biblock%2C20.0.350%2CN%3Bvote%2C20.0.100%2CN%3Bhighloadblock%2C20.0.100%2CN%3Bbitrix.sitecorporate%2C15.5.0%2CN%3Brest%2C20.0.150%2CN%3Bbizproc%2C20.0.200%2CN%3Bb24connector%2C18.5.0%2CN%3Bwebservice%2C18.0.0%2CN%3Bclouds%2C20.0.0%2CN%3Bcatalog%2C20.0.0%2CN%3Blists%2C20.0.0%2CN%3Bidea%2C17.5.1%2CN%3Bfileman%2C18.5.700%2CN%3Bcalendar%2C19.0.600%2CN%3Bmail%2C20.0.450%2CN%3Btranslate%2C19.0.100%2CN%3Bui%2C20.0.200%2CN%3Bseo%2C20.0.0%2CN%3Bsupport%2C16.0.0%2CN%3Bsender%2C19.0.700%2CN%3Bmobileapp%2C19.0.200%2CN%3Bstatistic%2C18.5.0%2CN%3Bsecurity%2C19.0.0%2CN%3Bcurrency%2C19.0.100%2CN%3Bworkflow%2C18.5.0%2CN%3Bphotogallery%2C20.0.0%2CN%3Bbitrix.sitecommunity%2C15.5.0%2CN%3Bim%2C19.0.850%2CN%3Bblog%2C20.0.0%2CN%3Bstoreassist%2C18.1.0%2CN%3Bbitrix.eshop%2C18.5.0%2CN%3Bsearch%2C18.5.200%2CN%3Bbitrix.sitepersonal%2C15.5.0%2CN%3Bsale%2C20.0.275%2CN%3Bform%2C18.0.0%2CN%3Babtest%2C18.5.0%2CN%3Bwiki%2C20.0.0%2CN%3Bscale%2C17.5.0%2CN%3Bbizprocdesigner%2C19.0.200%2CN%3Bpull%2C19.0.300%2CN%3Bmessageservice%2C20.0.0%2CN%3Bbitrix.siteinfoportal%2C15.5.0%2CN%3Badvertising%2C20.0.0%2CN%3Bcompression%2C19.0.0%2CN%3Bsocialnetwork%2C20.0.250%2CN%3Bbitrixcloud%2C20.0.0%2CN%3Breport%2C19.0.200%2CN%3Blanding%2C20.2.0%2CN%3Bperfmon%2C20.0.0%2CN%3Bforum%2C20.0.100%2CN%3Bsocialservices%2C19.0.200%2CN%3Blearning%2C17.5.1%2CN%3Bconversion%2C18.5.1%2CN%3Bsubscribe%2C20.0.0%2CN&reqm=bitrix.sitecorporate%2Cbitrix.sitecommunity%2Cbitrix.eshop%2Cbitrix.sitepersonal%2Cbitrix.siteinfoportal&fullmoduleinfo=Y&SUPD_SRS=RU&SUPD_CMP=N
2020-09-21 11:25:07 -  - exec CUpdateClientPartner::GetHTTPPage
2020-09-21 11:25:07 -  - TIME GetUpdatesList(request) 0.332 sec
2020-09-21 11:25:07 -  - exec CUpdateClientPartner::ParseServerData
2020-09-21 11:25:07 -  - exec CUpdateClientPartner::__CollectRequestData
2020-09-21 11:25:07 -  - exec CUpdateClientPartner::GetHTTPPage
2020-09-21 11:25:07 -  - exec CUpdateClientPartner::ParseServerData
2020-09-22 11:29:09 -  - exec CUpdateClientPartner::__CollectRequestData
2020-09-22 11:29:09 -  - exec CUpdateClientPartner::GetHTTPPage
2020-09-22 11:29:09 -  - exec CUpdateClientPartner::ParseServerData
2020-09-22 11:29:09 -  - exec CUpdateClientPartner::GetUpdatesList
2020-09-22 11:29:09 -  - exec CUpdateClientPartner::__CollectRequestData
2020-09-22 11:29:09 -  - utf=Y&lang=ru&stable=Y&CANGZIP=Y&SUPD_DBS=MYSQL&XE=N&CLIENT_SITE=976trainee.dev-bitrix.by&LICENSE_KEY=X&SUPD_STS=1&SUPD_URS=0&SUPD_URSA=2&TYPENC=D&CLIENT_PHPVER=7.1.33-17%2B0%7E20200807.39%2Bdebian9%7E1.gbp032d47&NGINX=Y&dbv=5.7.28&instm=main%2C20.0.650%2CY%3Biblock%2C20.0.350%2CN%3Bvote%2C20.0.100%2CN%3Bhighloadblock%2C20.0.100%2CN%3Bbitrix.sitecorporate%2C15.5.0%2CN%3Brest%2C20.0.150%2CN%3Bbizproc%2C20.0.200%2CN%3Bb24connector%2C18.5.0%2CN%3Bwebservice%2C18.0.0%2CN%3Bclouds%2C20.0.0%2CN%3Bcatalog%2C20.0.0%2CN%3Blists%2C20.0.0%2CN%3Bidea%2C17.5.1%2CN%3Bfileman%2C18.5.700%2CN%3Bcalendar%2C19.0.600%2CN%3Bmail%2C20.0.450%2CN%3Btranslate%2C19.0.100%2CN%3Bui%2C20.0.200%2CN%3Bseo%2C20.0.0%2CN%3Bsupport%2C16.0.0%2CN%3Bsender%2C19.0.700%2CN%3Bmobileapp%2C19.0.200%2CN%3Bstatistic%2C18.5.0%2CN%3Bsecurity%2C19.0.0%2CN%3Bcurrency%2C19.0.100%2CN%3Bworkflow%2C18.5.0%2CN%3Bphotogallery%2C20.0.0%2CN%3Bbitrix.sitecommunity%2C15.5.0%2CN%3Bim%2C19.0.850%2CN%3Bblog%2C20.0.0%2CN%3Bstoreassist%2C18.1.0%2CN%3Bbitrix.eshop%2C18.5.0%2CN%3Bsearch%2C18.5.200%2CN%3Bbitrix.sitepersonal%2C15.5.0%2CN%3Bsale%2C20.0.275%2CN%3Bform%2C18.0.0%2CN%3Babtest%2C18.5.0%2CN%3Bwiki%2C20.0.0%2CN%3Bscale%2C17.5.0%2CN%3Bbizprocdesigner%2C19.0.200%2CN%3Bpull%2C19.0.300%2CN%3Bmessageservice%2C20.0.0%2CN%3Bbitrix.siteinfoportal%2C15.5.0%2CN%3Badvertising%2C20.0.0%2CN%3Bcompression%2C19.0.0%2CN%3Bsocialnetwork%2C20.0.250%2CN%3Bbitrixcloud%2C20.0.0%2CN%3Breport%2C19.0.200%2CN%3Blanding%2C20.2.0%2CN%3Bperfmon%2C20.0.0%2CN%3Bforum%2C20.0.100%2CN%3Bsocialservices%2C19.0.200%2CN%3Blearning%2C17.5.1%2CN%3Bconversion%2C18.5.1%2CN%3Bsubscribe%2C20.0.0%2CN&reqm=bitrix.sitecorporate%2Cbitrix.sitecommunity%2Cbitrix.eshop%2Cbitrix.sitepersonal%2Cbitrix.siteinfoportal&fullmoduleinfo=Y&SUPD_SRS=RU&SUPD_CMP=N
2020-09-22 11:29:09 -  - exec CUpdateClientPartner::GetHTTPPage
2020-09-22 11:29:10 -  - TIME GetUpdatesList(request) 0.244 sec
2020-09-22 11:29:10 -  - exec CUpdateClientPartner::ParseServerData
2020-09-22 11:29:10 -  - exec CUpdateClientPartner::__CollectRequestData
2020-09-22 11:29:10 -  - exec CUpdateClientPartner::GetHTTPPage
2020-09-22 11:29:10 -  - exec CUpdateClientPartner::ParseServerData
2020-12-23 09:14:36 -  - exec CUpdateClientPartner::__CollectRequestData
2020-12-23 09:14:36 -  - exec CUpdateClientPartner::GetHTTPPage
2020-12-23 09:14:37 -  - exec CUpdateClientPartner::ParseServerData
2020-12-23 09:14:37 -  - exec CUpdateClientPartner::GetUpdatesList
2020-12-23 09:14:37 -  - exec CUpdateClientPartner::__CollectRequestData
2020-12-23 09:14:37 -  - utf=Y&lang=ru&stable=Y&CANGZIP=Y&SUPD_DBS=MYSQL&XE=N&CLIENT_SITE=976trainee.dev-bitrix.by&LICENSE_KEY=X&SUPD_STS=1&SUPD_URS=0&SUPD_URSA=2&TYPENC=D&CLIENT_PHPVER=7.1.33-17%2B0%7E20200807.39%2Bdebian9%7E1.gbp032d47&NGINX=Y&dbv=5.7.28&instm=main%2C20.0.650%2CY%3Biblock%2C20.0.350%2CN%3Bvote%2C20.0.100%2CN%3Bhighloadblock%2C20.0.100%2CN%3Bbitrix.sitecorporate%2C15.5.0%2CN%3Brest%2C20.0.150%2CN%3Bbizproc%2C20.0.200%2CN%3Bb24connector%2C18.5.0%2CN%3Bwebservice%2C18.0.0%2CN%3Bclouds%2C20.0.0%2CN%3Bcatalog%2C20.0.0%2CN%3Blists%2C20.0.0%2CN%3Bidea%2C17.5.1%2CN%3Bfileman%2C18.5.700%2CN%3Bcalendar%2C19.0.600%2CN%3Bmail%2C20.0.450%2CN%3Btranslate%2C19.0.100%2CN%3Bui%2C20.0.200%2CN%3Bseo%2C20.0.0%2CN%3Bsupport%2C16.0.0%2CN%3Bsender%2C19.0.700%2CN%3Bmobileapp%2C19.0.200%2CN%3Bstatistic%2C18.5.0%2CN%3Bsecurity%2C19.0.0%2CN%3Bcurrency%2C19.0.100%2CN%3Bworkflow%2C18.5.0%2CN%3Bphotogallery%2C20.0.0%2CN%3Bbitrix.sitecommunity%2C15.5.0%2CN%3Bim%2C19.0.850%2CN%3Bblog%2C20.0.0%2CN%3Bstoreassist%2C18.1.0%2CN%3Bbitrix.eshop%2C18.5.0%2CN%3Bsearch%2C18.5.200%2CN%3Bbitrix.sitepersonal%2C15.5.0%2CN%3Bsale%2C20.0.275%2CN%3Bform%2C18.0.0%2CN%3Babtest%2C18.5.0%2CN%3Bwiki%2C20.0.0%2CN%3Bscale%2C17.5.0%2CN%3Bbizprocdesigner%2C19.0.200%2CN%3Bpull%2C19.0.300%2CN%3Bmessageservice%2C20.0.0%2CN%3Bbitrix.siteinfoportal%2C15.5.0%2CN%3Badvertising%2C20.0.0%2CN%3Bcompression%2C19.0.0%2CN%3Bsocialnetwork%2C20.0.250%2CN%3Bbitrixcloud%2C20.0.0%2CN%3Breport%2C19.0.200%2CN%3Blanding%2C20.2.0%2CN%3Bperfmon%2C20.0.0%2CN%3Bforum%2C20.0.100%2CN%3Bsocialservices%2C19.0.200%2CN%3Blearning%2C17.5.1%2CN%3Bconversion%2C18.5.1%2CN%3Bsubscribe%2C20.0.0%2CN&reqm=bitrix.sitecorporate%2Cbitrix.sitecommunity%2Cbitrix.eshop%2Cbitrix.sitepersonal%2Cbitrix.siteinfoportal&fullmoduleinfo=Y&SUPD_SRS=RU&SUPD_CMP=N
2020-12-23 09:14:37 -  - exec CUpdateClientPartner::GetHTTPPage
2020-12-23 09:14:37 -  - TIME GetUpdatesList(request) 0.228 sec
2020-12-23 09:14:37 -  - exec CUpdateClientPartner::ParseServerData
2020-12-23 09:14:37 -  - exec CUpdateClientPartner::__CollectRequestData
2020-12-23 09:14:37 -  - exec CUpdateClientPartner::GetHTTPPage
2020-12-23 09:14:37 -  - exec CUpdateClientPartner::ParseServerData
